<?xml version="1.0" encoding="UTF-8"?>
<testsuite name="REST-APIs-NEGATIVE TESTING.TEST SUITE-NEGATIVE" time="8.16" tests="1" failures="1" errors="0"><properties>
[...]
</properties><testcase name="NEGATIVE TEST CASES" time="6.556"><failure type="Failing due to failed test step" message="Failing due to failed test step"><![CDATA[<h3><b>LIST USERS-METHOD TAMPERING Failed</b></h3><pre>[Verify if 405 response code is received from the server] Response status code: 200 is not in acceptable list of status codes
Status: FAIL
Time Taken: 760
Size: 996
Timestamp: Tue Feb 08 10:39:25 IST 2022
TestStep: LIST USERS-METHOD TAMPERING

----------------- Messages ------------------------------
[Verify if 405 response code is received from the server] Response status code: 200 is not in acceptable list of status codes

----------------- Properties ------------------------------
HTTP Version: HTTP/1.1
Endpoint: https://reqres.in
Method: GET
StatusCode: 200
URL: https://reqres.in/api/users?page=

---------------- Request ---------------------------
Connection: [Keep-Alive]
User-Agent: [Apache-HttpClient/4.5.2 (Java/16.0.1)]
Host: [reqres.in]
Accept-Encoding: [gzip,deflate]
Content-Length: [0]

GET https://reqres.in/api/users?page= HTTP/1.1
Accept-Encoding: gzip,deflate
Content-Length: 0
Host: reqres.in
Connection: Keep-Alive
User-Agent: Apache-HttpClient/4.5.2 (Java/16.0.1)


---------------- Response --------------------------
Transfer-Encoding: [chunked]
Server: [cloudflare]
CF-RAY: [6da25881bcdec92c-HYD]
Connection: [keep-alive]
Date: [Tue, 08 Feb 2022 05:09:26 GMT]
via: [1.1 vegur]
access-control-allow-origin: [*]
CF-Cache-Status: [MISS]
Cache-Control: [max-age=14400]
NEL: [{&quot;success_fraction&quot;:0,&quot;report_to&quot;:&quot;cf-nel&quot;,&quot;max_age&quot;:604800}]
Report-To: [{&quot;endpoints&quot;:[{&quot;url&quot;:&quot;https:\/\/a.nel.cloudflare.com\/report\/v3?s=voCjUcRCKREx%2F%2FnQO2k7RkIk8K609sMqqeTK2NHIwmlLaHNEVPgHbCDR7ZU94%2Bcaa%2BlWHRPsXRPFhqPnOtP9lf25g%2BAo92EXDRaCp%2Fq4GQTmt%2FCUwjIbMIBN2gQ%3D&quot;}],&quot;group&quot;:&quot;cf-nel&quot;,&quot;max_age&quot;:604800}]
x-powered-by: [Express]
etag: [W/&quot;3e4-2RLXvr5wTg9YQ6aH95CkYoFNuO8&quot;]
Vary: [Accept-Encoding]
#status#: [HTTP/1.1 200 OK]
alt-svc: [h3=&quot;:443&quot;; ma=86400, h3-29=&quot;:443&quot;; ma=86400]
Content-Type: [application/json; charset=utf-8]
Expect-CT: [max-age=604800, report-uri=&quot;https://report-uri.cloudflare.com/cdn-cgi/beacon/expect-ct&quot;]

{&quot;page&quot;:1,&quot;per_page&quot;:6,&quot;total&quot;:12,&quot;total_pages&quot;:2,&quot;data&quot;:[{&quot;id&quot;:1,&quot;email&quot;:&quot;george.bluth@reqres.in&quot;,&quot;first_name&quot;:&quot;George&quot;,&quot;last_name&quot;:&quot;Bluth&quot;,&quot;avatar&quot;:&quot;https://reqres.in/img/faces/1-image.jpg&quot;},{&quot;id&quot;:2,&quot;email&quot;:&quot;janet.weaver@reqres.in&quot;,&quot;first_name&quot;:&quot;Janet&quot;,&quot;last_name&quot;:&quot;Weaver&quot;,&quot;avatar&quot;:&quot;https://reqres.in/img/faces/2-image.jpg&quot;},{&quot;id&quot;:3,&quot;email&quot;:&quot;emma.wong@reqres.in&quot;,&quot;first_name&quot;:&quot;Emma&quot;,&quot;last_name&quot;:&quot;Wong&quot;,&quot;avatar&quot;:&quot;https://reqres.in/img/faces/3-image.jpg&quot;},{&quot;id&quot;:4,&quot;email&quot;:&quot;eve.holt@reqres.in&quot;,&quot;first_name&quot;:&quot;Eve&quot;,&quot;last_name&quot;:&quot;Holt&quot;,&quot;avatar&quot;:&quot;https://reqres.in/img/faces/4-image.jpg&quot;},{&quot;id&quot;:5,&quot;email&quot;:&quot;charles.morris@reqres.in&quot;,&quot;first_name&quot;:&quot;Charles&quot;,&quot;last_name&quot;:&quot;Morris&quot;,&quot;avatar&quot;:&quot;https://reqres.in/img/faces/5-image.jpg&quot;},{&quot;id&quot;:6,&quot;email&quot;:&quot;tracey.ramos@reqres.in&quot;,&quot;first_name&quot;:&quot;Tracey&quot;,&quot;last_name&quot;:&quot;Ramos&quot;,&quot;avatar&quot;:&quot;https://reqres.in/img/faces/6-image.jpg&quot;}],&quot;support&quot;:{&quot;url&quot;:&quot;https://reqres.in/#support-heading&quot;,&quot;text&quot;:&quot;To keep ReqRes free, contributions towards server costs are appreciated!&quot;}}
</pre><hr/><h3><b>CREATE USER-METHOD TAMPERING Failed</b></h3><pre>[Verify if 405 is the response code] Response status code: 201 is not in acceptable list of status codes
Status: FAIL
Time Taken: 623
Size: 82
Timestamp: Tue Feb 08 10:39:27 IST 2022
TestStep: CREATE USER-METHOD TAMPERING

----------------- Messages ------------------------------
[Verify if 405 is the response code] Response status code: 201 is not in acceptable list of status codes

----------------- Properties ------------------------------
HTTP Version: HTTP/1.1
Endpoint: https://reqres.in
Method: POST
StatusCode: 201
URL: https://reqres.in/api/users

---------------- Request ---------------------------
Connection: [Keep-Alive]
User-Agent: [Apache-HttpClient/4.5.2 (Java/16.0.1)]
Host: [reqres.in]
Accept-Encoding: [gzip,deflate]
Content-Length: [46]
Content-Type: [application/json]

POST https://reqres.in/api/users HTTP/1.1
Accept-Encoding: gzip,deflate
Content-Type: application/json
Content-Length: 46
Host: reqres.in
Connection: Keep-Alive
User-Agent: Apache-HttpClient/4.5.2 (Java/16.0.1)

{
    &quot;name&quot;: &quot;Kiran&quot;,
    &quot;job&quot;: &quot;Trainer&quot;
}


---------------- Response --------------------------
Server: [cloudflare]
CF-RAY: [6da25887c8f7c92c-HYD]
Connection: [keep-alive]
Date: [Tue, 08 Feb 2022 05:09:26 GMT]
via: [1.1 vegur]
access-control-allow-origin: [*]
CF-Cache-Status: [DYNAMIC]
NEL: [{&quot;success_fraction&quot;:0,&quot;report_to&quot;:&quot;cf-nel&quot;,&quot;max_age&quot;:604800}]
Report-To: [{&quot;endpoints&quot;:[{&quot;url&quot;:&quot;https:\/\/a.nel.cloudflare.com\/report\/v3?s=l65if%2FhEGaIuAx%2FVTA37GUqS31o73Mtw5SMouDYGzqqYSsCgvI2DZo5HXKZtxMFhQ6yFD8wloBOluFn9OtRNirVsrRHW7ZVgySF8ZxBhD%2B0oDu0brc7nGSfMtQw%3D&quot;}],&quot;group&quot;:&quot;cf-nel&quot;,&quot;max_age&quot;:604800}]
x-powered-by: [Express]
etag: [W/&quot;52-6vp4G3Dpag8HSjXqzy8zC8EIPW4&quot;]
#status#: [HTTP/1.1 201 Created]
Content-Length: [82]
alt-svc: [h3=&quot;:443&quot;; ma=86400, h3-29=&quot;:443&quot;; ma=86400]
Content-Type: [application/json; charset=utf-8]
Expect-CT: [max-age=604800, report-uri=&quot;https://report-uri.cloudflare.com/cdn-cgi/beacon/expect-ct&quot;]

{&quot;name&quot;:&quot;Kiran&quot;,&quot;job&quot;:&quot;Trainer&quot;,&quot;id&quot;:&quot;790&quot;,&quot;createdAt&quot;:&quot;2022-02-08T05:09:26.793Z&quot;}
</pre><hr/><h3><b>CREATE USER-INVALID PAYLOAD Failed</b></h3><pre>[Verify if 400 is the response code] Response status code: 201 is not in acceptable list of status codes
Status: FAIL
Time Taken: 609
Size: 75
Timestamp: Tue Feb 08 10:39:27 IST 2022
TestStep: CREATE USER-INVALID PAYLOAD

----------------- Messages ------------------------------
[Verify if 400 is the response code] Response status code: 201 is not in acceptable list of status codes

----------------- Properties ------------------------------
HTTP Version: HTTP/1.1
Endpoint: https://reqres.in
Method: POST
StatusCode: 201
URL: https://reqres.in/api/users

---------------- Request ---------------------------
Connection: [Keep-Alive]
User-Agent: [Apache-HttpClient/4.5.2 (Java/16.0.1)]
Host: [reqres.in]
Accept-Encoding: [gzip,deflate]
Content-Length: [39]
Content-Type: [application/json]

POST https://reqres.in/api/users HTTP/1.1
Accept-Encoding: gzip,deflate
Content-Type: application/json
Content-Length: 39
Host: reqres.in
Connection: Keep-Alive
User-Agent: Apache-HttpClient/4.5.2 (Java/16.0.1)

{
    &quot;name&quot;: &quot;Kiran&quot;,
    &quot;job&quot;: &quot;&quot;
}


---------------- Response --------------------------
Server: [cloudflare]
CF-RAY: [6da2588bdb1cc92c-HYD]
Connection: [keep-alive]
Date: [Tue, 08 Feb 2022 05:09:27 GMT]
via: [1.1 vegur]
access-control-allow-origin: [*]
CF-Cache-Status: [DYNAMIC]
NEL: [{&quot;success_fraction&quot;:0,&quot;report_to&quot;:&quot;cf-nel&quot;,&quot;max_age&quot;:604800}]
Report-To: [{&quot;endpoints&quot;:[{&quot;url&quot;:&quot;https:\/\/a.nel.cloudflare.com\/report\/v3?s=Yz7fiIckXY37Gy2%2B1BFrn3MEP0jrKfGvMhqgwlzb8D%2B0SA2MucQnM1bkTN%2BZsInA7uV4AAxrn76bkhClBjPBKnvZEXtuzB6M3FEBlu4xInluwTdsHrEn0cpZHCU%3D&quot;}],&quot;group&quot;:&quot;cf-nel&quot;,&quot;max_age&quot;:604800}]
x-powered-by: [Express]
etag: [W/&quot;4b-9bQWkziat41Ai4VzWYdNv/4fcWs&quot;]
#status#: [HTTP/1.1 201 Created]
Content-Length: [75]
alt-svc: [h3=&quot;:443&quot;; ma=86400, h3-29=&quot;:443&quot;; ma=86400]
Content-Type: [application/json; charset=utf-8]
Expect-CT: [max-age=604800, report-uri=&quot;https://report-uri.cloudflare.com/cdn-cgi/beacon/expect-ct&quot;]

{&quot;name&quot;:&quot;Kiran&quot;,&quot;job&quot;:&quot;&quot;,&quot;id&quot;:&quot;510&quot;,&quot;createdAt&quot;:&quot;2022-02-08T05:09:27.431Z&quot;}
</pre><hr/><h3><b>CREATE USER-INVALID-PAYLOAD Failed</b></h3><pre>[Verify if 400 is the response code] Response status code: 201 is not in acceptable list of status codes
Status: FAIL
Time Taken: 628
Size: 77
Timestamp: Tue Feb 08 10:39:28 IST 2022
TestStep: CREATE USER-INVALID-PAYLOAD

----------------- Messages ------------------------------
[Verify if 400 is the response code] Response status code: 201 is not in acceptable list of status codes

----------------- Properties ------------------------------
HTTP Version: HTTP/1.1
Endpoint: https://reqres.in
Method: POST
StatusCode: 201
URL: https://reqres.in/api/users

---------------- Request ---------------------------
Connection: [Keep-Alive]
User-Agent: [Apache-HttpClient/4.5.2 (Java/16.0.1)]
Host: [reqres.in]
Accept-Encoding: [gzip,deflate]
Content-Length: [41]
Content-Type: [application/json]

POST https://reqres.in/api/users HTTP/1.1
Accept-Encoding: gzip,deflate
Content-Type: application/json
Content-Length: 41
Host: reqres.in
Connection: Keep-Alive
User-Agent: Apache-HttpClient/4.5.2 (Java/16.0.1)

{
    &quot;name&quot;: &quot;&quot;,
    &quot;job&quot;: &quot;Trainer&quot;
}


---------------- Response --------------------------
Server: [cloudflare]
CF-RAY: [6da2588fdd05c92c-HYD]
Connection: [keep-alive]
Date: [Tue, 08 Feb 2022 05:09:28 GMT]
via: [1.1 vegur]
access-control-allow-origin: [*]
CF-Cache-Status: [DYNAMIC]
NEL: [{&quot;success_fraction&quot;:0,&quot;report_to&quot;:&quot;cf-nel&quot;,&quot;max_age&quot;:604800}]
Report-To: [{&quot;endpoints&quot;:[{&quot;url&quot;:&quot;https:\/\/a.nel.cloudflare.com\/report\/v3?s=Js%2F6Y6G1KmFRtwXTX7gvVhulXFOZWWiRyxXJf6lzcpyzC6bayWo7MQtnoLnnqQwVzm1rDytID2vArWIBmd3tFVcQ6v8tXI4sJE8k7A5ifeWhHFY6FqXNy8DMYwY%3D&quot;}],&quot;group&quot;:&quot;cf-nel&quot;,&quot;max_age&quot;:604800}]
x-powered-by: [Express]
etag: [W/&quot;4d-i/Zcy+GgAELIyhdK9t5yP9WlY8M&quot;]
#status#: [HTTP/1.1 201 Created]
Content-Length: [77]
alt-svc: [h3=&quot;:443&quot;; ma=86400, h3-29=&quot;:443&quot;; ma=86400]
Content-Type: [application/json; charset=utf-8]
Expect-CT: [max-age=604800, report-uri=&quot;https://report-uri.cloudflare.com/cdn-cgi/beacon/expect-ct&quot;]

{&quot;name&quot;:&quot;&quot;,&quot;job&quot;:&quot;Trainer&quot;,&quot;id&quot;:&quot;793&quot;,&quot;createdAt&quot;:&quot;2022-02-08T05:09:28.082Z&quot;}
</pre><hr/><h3><b>CREATE USER-INVALID--PAYLOAD Failed</b></h3><pre>[Verify if 400 is the response code] Response status code: 201 is not in acceptable list of status codes
Status: FAIL
Time Taken: 648
Size: 70
Timestamp: Tue Feb 08 10:39:29 IST 2022
TestStep: CREATE USER-INVALID--PAYLOAD

----------------- Messages ------------------------------
[Verify if 400 is the response code] Response status code: 201 is not in acceptable list of status codes

----------------- Properties ------------------------------
HTTP Version: HTTP/1.1
Endpoint: https://reqres.in
Method: POST
StatusCode: 201
URL: https://reqres.in/api/users

---------------- Request ---------------------------
Connection: [Keep-Alive]
User-Agent: [Apache-HttpClient/4.5.2 (Java/16.0.1)]
Host: [reqres.in]
Accept-Encoding: [gzip,deflate]
Content-Length: [34]
Content-Type: [application/json]

POST https://reqres.in/api/users HTTP/1.1
Accept-Encoding: gzip,deflate
Content-Type: application/json
Content-Length: 34
Host: reqres.in
Connection: Keep-Alive
User-Agent: Apache-HttpClient/4.5.2 (Java/16.0.1)

{
    &quot;name&quot;: &quot;&quot;,
    &quot;job&quot;: &quot;&quot;
}


---------------- Response --------------------------
Server: [cloudflare]
CF-RAY: [6da25893ff47c92c-HYD]
Connection: [keep-alive]
Date: [Tue, 08 Feb 2022 05:09:28 GMT]
via: [1.1 vegur]
access-control-allow-origin: [*]
CF-Cache-Status: [DYNAMIC]
NEL: [{&quot;success_fraction&quot;:0,&quot;report_to&quot;:&quot;cf-nel&quot;,&quot;max_age&quot;:604800}]
Report-To: [{&quot;endpoints&quot;:[{&quot;url&quot;:&quot;https:\/\/a.nel.cloudflare.com\/report\/v3?s=qZVYLlPqjzMfgCV%2F%2F1kAyhHHL07FcJcfiaQwrtFd0Aw1GEa4fVszovBy5lVGPZq1vyyiXp26kOUbPHtHKOvSe5wWXz4QUK30MlcCqjSwOHUHQEHsrLEbE4dttfk%3D&quot;}],&quot;group&quot;:&quot;cf-nel&quot;,&quot;max_age&quot;:604800}]
x-powered-by: [Express]
etag: [W/&quot;46-G9cIHmG3/qGyZEotcu7e8bSLda0&quot;]
#status#: [HTTP/1.1 201 Created]
Content-Length: [70]
alt-svc: [h3=&quot;:443&quot;; ma=86400, h3-29=&quot;:443&quot;; ma=86400]
Content-Type: [application/json; charset=utf-8]
Expect-CT: [max-age=604800, report-uri=&quot;https://report-uri.cloudflare.com/cdn-cgi/beacon/expect-ct&quot;]

{&quot;name&quot;:&quot;&quot;,&quot;job&quot;:&quot;&quot;,&quot;id&quot;:&quot;813&quot;,&quot;createdAt&quot;:&quot;2022-02-08T05:09:28.753Z&quot;}
</pre><hr/><h3><b>CREATE USER-ADDITIONAL PAYLOAD Failed</b></h3><pre>[Verify if 400 or 413 is the response code] Response status code: 201 is not in acceptable list of status codes
Status: FAIL
Time Taken: 660
Size: 106
Timestamp: Tue Feb 08 10:39:29 IST 2022
TestStep: CREATE USER-ADDITIONAL PAYLOAD

----------------- Messages ------------------------------
[Verify if 400 or 413 is the response code] Response status code: 201 is not in acceptable list of status codes

----------------- Properties ------------------------------
HTTP Version: HTTP/1.1
Endpoint: https://reqres.in
Method: POST
StatusCode: 201
URL: https://reqres.in/api/users

---------------- Request ---------------------------
Connection: [Keep-Alive]
User-Agent: [Apache-HttpClient/4.5.2 (Java/16.0.1)]
Host: [reqres.in]
Accept-Encoding: [gzip,deflate]
Content-Length: [75]
Content-Type: [application/json]

POST https://reqres.in/api/users HTTP/1.1
Accept-Encoding: gzip,deflate
Content-Type: application/json
Content-Length: 75
Host: reqres.in
Connection: Keep-Alive
User-Agent: Apache-HttpClient/4.5.2 (Java/16.0.1)

{
    &quot;name&quot;: &quot;Kiran&quot;,
    &quot;job&quot;: &quot;Trainer&quot;,
    &quot;salary&quot;:&quot;10000000 INR&quot;
}


---------------- Response --------------------------
Server: [cloudflare]
CF-RAY: [6da258982958c92c-HYD]
Connection: [keep-alive]
Date: [Tue, 08 Feb 2022 05:09:29 GMT]
via: [1.1 vegur]
access-control-allow-origin: [*]
CF-Cache-Status: [DYNAMIC]
NEL: [{&quot;success_fraction&quot;:0,&quot;report_to&quot;:&quot;cf-nel&quot;,&quot;max_age&quot;:604800}]
Report-To: [{&quot;endpoints&quot;:[{&quot;url&quot;:&quot;https:\/\/a.nel.cloudflare.com\/report\/v3?s=tFeKQXWlISlYr17iuk%2BDdfMIibXDAt13CqA9HvFSHSp%2F2q1XURMKklnrW4tFNXVxeEXnjBfD1%2BcQlIAOhp3LHcB1syaFznAnt1y7%2FIbKtA8L6NoVW8byjH66%2F3Q%3D&quot;}],&quot;group&quot;:&quot;cf-nel&quot;,&quot;max_age&quot;:604800}]
x-powered-by: [Express]
etag: [W/&quot;6a-TWWFJnZ+gT8egS+b7E0q5qzj4Gk&quot;]
#status#: [HTTP/1.1 201 Created]
Content-Length: [106]
alt-svc: [h3=&quot;:443&quot;; ma=86400, h3-29=&quot;:443&quot;; ma=86400]
Content-Type: [application/json; charset=utf-8]
Expect-CT: [max-age=604800, report-uri=&quot;https://report-uri.cloudflare.com/cdn-cgi/beacon/expect-ct&quot;]

{&quot;name&quot;:&quot;Kiran&quot;,&quot;job&quot;:&quot;Trainer&quot;,&quot;salary&quot;:&quot;10000000 INR&quot;,&quot;id&quot;:&quot;250&quot;,&quot;createdAt&quot;:&quot;2022-02-08T05:09:29.432Z&quot;}
</pre><hr/><h3><b>CREATE USER-INCORRECT PAYLOAD Failed</b></h3><pre>[Verify if 400, 413 is the response code] Response status code: 201 is not in acceptable list of status codes
Status: FAIL
Time Taken: 615
Size: 90
Timestamp: Tue Feb 08 10:39:30 IST 2022
TestStep: CREATE USER-INCORRECT PAYLOAD

----------------- Messages ------------------------------
[Verify if 400, 413 is the response code] Response status code: 201 is not in acceptable list of status codes

----------------- Properties ------------------------------
HTTP Version: HTTP/1.1
Endpoint: https://reqres.in
Method: POST
StatusCode: 201
URL: https://reqres.in/api/users

---------------- Request ---------------------------
Connection: [Keep-Alive]
User-Agent: [Apache-HttpClient/4.5.2 (Java/16.0.1)]
Host: [reqres.in]
Accept-Encoding: [gzip,deflate]
Content-Length: [53]
Content-Type: [application/json]

POST https://reqres.in/api/users HTTP/1.1
Accept-Encoding: gzip,deflate
Content-Type: application/json
Content-Length: 53
Host: reqres.in
Connection: Keep-Alive
User-Agent: Apache-HttpClient/4.5.2 (Java/16.0.1)

{
    &quot;name&quot;: &quot;Kiran&quot;,
    &quot;salary&quot;:&quot;10000000 INR&quot;
}


---------------- Response --------------------------
Server: [cloudflare]
CF-RAY: [6da2589c7bafc92c-HYD]
Connection: [keep-alive]
Date: [Tue, 08 Feb 2022 05:09:30 GMT]
via: [1.1 vegur]
access-control-allow-origin: [*]
CF-Cache-Status: [DYNAMIC]
NEL: [{&quot;success_fraction&quot;:0,&quot;report_to&quot;:&quot;cf-nel&quot;,&quot;max_age&quot;:604800}]
Report-To: [{&quot;endpoints&quot;:[{&quot;url&quot;:&quot;https:\/\/a.nel.cloudflare.com\/report\/v3?s=LO8B0yEV9IA3AZIbTrMjX3hdBnAiWzLN3j5XU5xqBsB%2FOY%2B9tVCQmOdlWs5jO6CNPMbRFpZnDBPxxSffEOzkIR%2FDS6mOUAiAbSfmu0qPCYmKf083ps5GnfQPoxA%3D&quot;}],&quot;group&quot;:&quot;cf-nel&quot;,&quot;max_age&quot;:604800}]
x-powered-by: [Express]
etag: [W/&quot;5a-ec5m9Cy4Ik0BN/6VF0hJB1zb6Nw&quot;]
#status#: [HTTP/1.1 201 Created]
Content-Length: [90]
alt-svc: [h3=&quot;:443&quot;; ma=86400, h3-29=&quot;:443&quot;; ma=86400]
Content-Type: [application/json; charset=utf-8]
Expect-CT: [max-age=604800, report-uri=&quot;https://report-uri.cloudflare.com/cdn-cgi/beacon/expect-ct&quot;]

{&quot;name&quot;:&quot;Kiran&quot;,&quot;salary&quot;:&quot;10000000 INR&quot;,&quot;id&quot;:&quot;929&quot;,&quot;createdAt&quot;:&quot;2022-02-08T05:09:30.091Z&quot;}
</pre><hr/><h3><b>LIST USERS-QUERY PARAM TAMPERING Failed</b></h3><pre>[Verify if 400 is the response code] Response status code: 200 is not in acceptable list of status codes
Status: FAIL
Time Taken: 23
Size: 996
Timestamp: Tue Feb 08 10:39:31 IST 2022
TestStep: LIST USERS-QUERY PARAM TAMPERING

----------------- Messages ------------------------------
[Verify if 400 is the response code] Response status code: 200 is not in acceptable list of status codes

----------------- Properties ------------------------------
HTTP Version: HTTP/1.1
Endpoint: https://reqres.in
Method: GET
StatusCode: 200
URL: https://reqres.in/api/users?page=

---------------- Request ---------------------------
Connection: [Keep-Alive]
User-Agent: [Apache-HttpClient/4.5.2 (Java/16.0.1)]
Host: [reqres.in]
Accept-Encoding: [gzip,deflate]
Content-Length: [0]

GET https://reqres.in/api/users?page= HTTP/1.1
Accept-Encoding: gzip,deflate
Content-Length: 0
Host: reqres.in
Connection: Keep-Alive
User-Agent: Apache-HttpClient/4.5.2 (Java/16.0.1)


---------------- Response --------------------------
Transfer-Encoding: [chunked]
Server: [cloudflare]
CF-RAY: [6da258a08dc0c92c-HYD]
Connection: [keep-alive]
Date: [Tue, 08 Feb 2022 05:09:30 GMT]
via: [1.1 vegur]
access-control-allow-origin: [*]
CF-Cache-Status: [HIT]
Cache-Control: [max-age=14400]
NEL: [{&quot;success_fraction&quot;:0,&quot;report_to&quot;:&quot;cf-nel&quot;,&quot;max_age&quot;:604800}]
Report-To: [{&quot;endpoints&quot;:[{&quot;url&quot;:&quot;https:\/\/a.nel.cloudflare.com\/report\/v3?s=AWKYNzUVlnUb7SvpEdbwSgxgNseAhSLQscKbvP%2FBDzUGOzmIUwH8KaYlqtMzrlP99UQQ%2FUb8tNMBBpJmWNFsWugOf6tCovz5JRERyG9ubIasg3TjSXX%2Bqf0vczA%3D&quot;}],&quot;group&quot;:&quot;cf-nel&quot;,&quot;max_age&quot;:604800}]
x-powered-by: [Express]
etag: [W/&quot;3e4-2RLXvr5wTg9YQ6aH95CkYoFNuO8&quot;]
Vary: [Accept-Encoding]
#status#: [HTTP/1.1 200 OK]
alt-svc: [h3=&quot;:443&quot;; ma=86400, h3-29=&quot;:443&quot;; ma=86400]
Age: [4]
Content-Type: [application/json; charset=utf-8]
Expect-CT: [max-age=604800, report-uri=&quot;https://report-uri.cloudflare.com/cdn-cgi/beacon/expect-ct&quot;]

{&quot;page&quot;:1,&quot;per_page&quot;:6,&quot;total&quot;:12,&quot;total_pages&quot;:2,&quot;data&quot;:[{&quot;id&quot;:1,&quot;email&quot;:&quot;george.bluth@reqres.in&quot;,&quot;first_name&quot;:&quot;George&quot;,&quot;last_name&quot;:&quot;Bluth&quot;,&quot;avatar&quot;:&quot;https://reqres.in/img/faces/1-image.jpg&quot;},{&quot;id&quot;:2,&quot;email&quot;:&quot;janet.weaver@reqres.in&quot;,&quot;first_name&quot;:&quot;Janet&quot;,&quot;last_name&quot;:&quot;Weaver&quot;,&quot;avatar&quot;:&quot;https://reqres.in/img/faces/2-image.jpg&quot;},{&quot;id&quot;:3,&quot;email&quot;:&quot;emma.wong@reqres.in&quot;,&quot;first_name&quot;:&quot;Emma&quot;,&quot;last_name&quot;:&quot;Wong&quot;,&quot;avatar&quot;:&quot;https://reqres.in/img/faces/3-image.jpg&quot;},{&quot;id&quot;:4,&quot;email&quot;:&quot;eve.holt@reqres.in&quot;,&quot;first_name&quot;:&quot;Eve&quot;,&quot;last_name&quot;:&quot;Holt&quot;,&quot;avatar&quot;:&quot;https://reqres.in/img/faces/4-image.jpg&quot;},{&quot;id&quot;:5,&quot;email&quot;:&quot;charles.morris@reqres.in&quot;,&quot;first_name&quot;:&quot;Charles&quot;,&quot;last_name&quot;:&quot;Morris&quot;,&quot;avatar&quot;:&quot;https://reqres.in/img/faces/5-image.jpg&quot;},{&quot;id&quot;:6,&quot;email&quot;:&quot;tracey.ramos@reqres.in&quot;,&quot;first_name&quot;:&quot;Tracey&quot;,&quot;last_name&quot;:&quot;Ramos&quot;,&quot;avatar&quot;:&quot;https://reqres.in/img/faces/6-image.jpg&quot;}],&quot;support&quot;:{&quot;url&quot;:&quot;https://reqres.in/#support-heading&quot;,&quot;text&quot;:&quot;To keep ReqRes free, contributions towards server costs are appreciated!&quot;}}
</pre><hr/><h3><b>LIST USERS-INVALID QUERY PARAM Failed</b></h3><pre>[Verify if 400 or 404 is the response code] Response status code: 200 is not in acceptable list of status codes
Status: FAIL
Time Taken: 15
Size: 996
Timestamp: Tue Feb 08 10:39:31 IST 2022
TestStep: LIST USERS-INVALID QUERY PARAM

----------------- Messages ------------------------------
[Verify if 400 or 404 is the response code] Response status code: 200 is not in acceptable list of status codes

----------------- Properties ------------------------------
HTTP Version: HTTP/1.1
Endpoint: https://reqres.in
Method: GET
StatusCode: 200
URL: https://reqres.in/api/users?page=

---------------- Request ---------------------------
Connection: [Keep-Alive]
User-Agent: [Apache-HttpClient/4.5.2 (Java/16.0.1)]
Host: [reqres.in]
Accept-Encoding: [gzip,deflate]
Content-Length: [0]

GET https://reqres.in/api/users?page= HTTP/1.1
Accept-Encoding: gzip,deflate
Content-Length: 0
Host: reqres.in
Connection: Keep-Alive
User-Agent: Apache-HttpClient/4.5.2 (Java/16.0.1)


---------------- Response --------------------------
Transfer-Encoding: [chunked]
Server: [cloudflare]
CF-RAY: [6da258a0ddf4c92c-HYD]
Connection: [keep-alive]
Date: [Tue, 08 Feb 2022 05:09:30 GMT]
via: [1.1 vegur]
access-control-allow-origin: [*]
CF-Cache-Status: [HIT]
Cache-Control: [max-age=14400]
NEL: [{&quot;success_fraction&quot;:0,&quot;report_to&quot;:&quot;cf-nel&quot;,&quot;max_age&quot;:604800}]
Report-To: [{&quot;endpoints&quot;:[{&quot;url&quot;:&quot;https:\/\/a.nel.cloudflare.com\/report\/v3?s=FwzEpa6HFYRze5q%2F8wlboKihPhudkXYApQ2nSjQfeliVR3NDr3tItkHpFhzZh7smRZRo97IRxCnlHLNU4Ec4%2Fkd0LE9qRyV8v8k31r9t%2Fj%2BSC%2BoisJ6wrfwRURo%3D&quot;}],&quot;group&quot;:&quot;cf-nel&quot;,&quot;max_age&quot;:604800}]
x-powered-by: [Express]
etag: [W/&quot;3e4-2RLXvr5wTg9YQ6aH95CkYoFNuO8&quot;]
Vary: [Accept-Encoding]
#status#: [HTTP/1.1 200 OK]
alt-svc: [h3=&quot;:443&quot;; ma=86400, h3-29=&quot;:443&quot;; ma=86400]
Age: [4]
Content-Type: [application/json; charset=utf-8]
Expect-CT: [max-age=604800, report-uri=&quot;https://report-uri.cloudflare.com/cdn-cgi/beacon/expect-ct&quot;]

{&quot;page&quot;:1,&quot;per_page&quot;:6,&quot;total&quot;:12,&quot;total_pages&quot;:2,&quot;data&quot;:[{&quot;id&quot;:1,&quot;email&quot;:&quot;george.bluth@reqres.in&quot;,&quot;first_name&quot;:&quot;George&quot;,&quot;last_name&quot;:&quot;Bluth&quot;,&quot;avatar&quot;:&quot;https://reqres.in/img/faces/1-image.jpg&quot;},{&quot;id&quot;:2,&quot;email&quot;:&quot;janet.weaver@reqres.in&quot;,&quot;first_name&quot;:&quot;Janet&quot;,&quot;last_name&quot;:&quot;Weaver&quot;,&quot;avatar&quot;:&quot;https://reqres.in/img/faces/2-image.jpg&quot;},{&quot;id&quot;:3,&quot;email&quot;:&quot;emma.wong@reqres.in&quot;,&quot;first_name&quot;:&quot;Emma&quot;,&quot;last_name&quot;:&quot;Wong&quot;,&quot;avatar&quot;:&quot;https://reqres.in/img/faces/3-image.jpg&quot;},{&quot;id&quot;:4,&quot;email&quot;:&quot;eve.holt@reqres.in&quot;,&quot;first_name&quot;:&quot;Eve&quot;,&quot;last_name&quot;:&quot;Holt&quot;,&quot;avatar&quot;:&quot;https://reqres.in/img/faces/4-image.jpg&quot;},{&quot;id&quot;:5,&quot;email&quot;:&quot;charles.morris@reqres.in&quot;,&quot;first_name&quot;:&quot;Charles&quot;,&quot;last_name&quot;:&quot;Morris&quot;,&quot;avatar&quot;:&quot;https://reqres.in/img/faces/5-image.jpg&quot;},{&quot;id&quot;:6,&quot;email&quot;:&quot;tracey.ramos@reqres.in&quot;,&quot;first_name&quot;:&quot;Tracey&quot;,&quot;last_name&quot;:&quot;Ramos&quot;,&quot;avatar&quot;:&quot;https://reqres.in/img/faces/6-image.jpg&quot;}],&quot;support&quot;:{&quot;url&quot;:&quot;https://reqres.in/#support-heading&quot;,&quot;text&quot;:&quot;To keep ReqRes free, contributions towards server costs are appreciated!&quot;}}
</pre><hr/><h3><b>GET EMP DATA-INVALID ID Failed</b></h3><pre>[Verify if 400, 404 is received] Response status code: 200 is not in acceptable list of status codes
Status: FAIL
Time Taken: 617
Size: 272
Timestamp: Tue Feb 08 10:39:31 IST 2022
TestStep: GET EMP DATA-INVALID ID

----------------- Messages ------------------------------
[Verify if 400, 404 is received] Response status code: 200 is not in acceptable list of status codes

----------------- Properties ------------------------------
HTTP Version: HTTP/1.1
Endpoint: https://reqres.in
Method: GET
StatusCode: 200
URL: https://reqres.in/api/users/4

---------------- Request ---------------------------
Connection: [Keep-Alive]
User-Agent: [Apache-HttpClient/4.5.2 (Java/16.0.1)]
Host: [reqres.in]
Accept-Encoding: [gzip,deflate]
Content-Length: [0]

GET https://reqres.in/api/users/4 HTTP/1.1
Accept-Encoding: gzip,deflate
Content-Length: 0
Host: reqres.in
Connection: Keep-Alive
User-Agent: Apache-HttpClient/4.5.2 (Java/16.0.1)


---------------- Response --------------------------
Transfer-Encoding: [chunked]
Server: [cloudflare]
CF-RAY: [6da258a11e0bc92c-HYD]
Connection: [keep-alive]
Date: [Tue, 08 Feb 2022 05:09:31 GMT]
via: [1.1 vegur]
access-control-allow-origin: [*]
CF-Cache-Status: [MISS]
Cache-Control: [max-age=14400]
NEL: [{&quot;success_fraction&quot;:0,&quot;report_to&quot;:&quot;cf-nel&quot;,&quot;max_age&quot;:604800}]
Report-To: [{&quot;endpoints&quot;:[{&quot;url&quot;:&quot;https:\/\/a.nel.cloudflare.com\/report\/v3?s=eoSLSkLBvmEDZmlgpDn3SxwW0kfPfzVR%2FOW7mmKlIUxvYd0h8spav8z4dC7bOasJkkFQE1k59gNdlN%2FLzAthNeO2rLLFOOrtzCLD%2BWdZq%2FpYKv9yxD7mCuY2PBQ%3D&quot;}],&quot;group&quot;:&quot;cf-nel&quot;,&quot;max_age&quot;:604800}]
x-powered-by: [Express]
etag: [W/&quot;110-Xdg3LtI+q2zMxihHlfeIZQo/bvY&quot;]
Vary: [Accept-Encoding]
#status#: [HTTP/1.1 200 OK]
alt-svc: [h3=&quot;:443&quot;; ma=86400, h3-29=&quot;:443&quot;; ma=86400]
Content-Type: [application/json; charset=utf-8]
Expect-CT: [max-age=604800, report-uri=&quot;https://report-uri.cloudflare.com/cdn-cgi/beacon/expect-ct&quot;]

{&quot;data&quot;:{&quot;id&quot;:4,&quot;email&quot;:&quot;eve.holt@reqres.in&quot;,&quot;first_name&quot;:&quot;Eve&quot;,&quot;last_name&quot;:&quot;Holt&quot;,&quot;avatar&quot;:&quot;https://reqres.in/img/faces/4-image.jpg&quot;},&quot;support&quot;:{&quot;url&quot;:&quot;https://reqres.in/#support-heading&quot;,&quot;text&quot;:&quot;To keep ReqRes free, contributions towards server costs are appreciated!&quot;}}
</pre><hr/><h3><b>CREATE USER-REQUEST HEADERS TAMPERING Failed</b></h3><pre>[Verify if 400 or 415 is the response code] Response status code: 201 is not in acceptable list of status codes
Status: FAIL
Time Taken: 622
Size: 51
Timestamp: Tue Feb 08 10:39:31 IST 2022
TestStep: CREATE USER-REQUEST HEADERS TAMPERING

----------------- Messages ------------------------------
[Verify if 400 or 415 is the response code] Response status code: 201 is not in acceptable list of status codes

----------------- Properties ------------------------------
HTTP Version: HTTP/1.1
Endpoint: https://reqres.in
Method: POST
StatusCode: 201
URL: https://reqres.in/api/users

---------------- Request ---------------------------
Connection: [Keep-Alive]
User-Agent: [Apache-HttpClient/4.5.2 (Java/16.0.1)]
Host: [reqres.in]
Accept-Encoding: [gzip,deflate]
Content-Length: [50]
Content-Type: [text/xml]

POST https://reqres.in/api/users HTTP/1.1
Accept-Encoding: gzip,deflate
Content-Type: text/xml
Content-Length: 50
Host: reqres.in
Connection: Keep-Alive
User-Agent: Apache-HttpClient/4.5.2 (Java/16.0.1)


    &quot;name&quot;: &quot;Kiran&quot;,
    &quot;salary&quot;:&quot;10000000 INR&quot;


---------------- Response --------------------------
Server: [cloudflare]
CF-RAY: [6da258a52b2fc92c-HYD]
Connection: [keep-alive]
Date: [Tue, 08 Feb 2022 05:09:31 GMT]
via: [1.1 vegur]
access-control-allow-origin: [*]
CF-Cache-Status: [DYNAMIC]
NEL: [{&quot;success_fraction&quot;:0,&quot;report_to&quot;:&quot;cf-nel&quot;,&quot;max_age&quot;:604800}]
Report-To: [{&quot;endpoints&quot;:[{&quot;url&quot;:&quot;https:\/\/a.nel.cloudflare.com\/report\/v3?s=L1PUe8QYT8%2B7ZUAZpBmo51iK0yUtGSPA42WqcmJJwqiShvEtLTws1dKR3GrbpzROGtuWBhKnWRiM3wMudOr0%2BQhRtQsuVi9ZVC7WH4V7paLikOQvrK%2FhcJlTQCQ%3D&quot;}],&quot;group&quot;:&quot;cf-nel&quot;,&quot;max_age&quot;:604800}]
x-powered-by: [Express]
etag: [W/&quot;33-BD3JjkwJtnrKvkxN+hkMG0joXpw&quot;]
#status#: [HTTP/1.1 201 Created]
Content-Length: [51]
alt-svc: [h3=&quot;:443&quot;; ma=86400, h3-29=&quot;:443&quot;; ma=86400]
Content-Type: [application/json; charset=utf-8]
Expect-CT: [max-age=604800, report-uri=&quot;https://report-uri.cloudflare.com/cdn-cgi/beacon/expect-ct&quot;]

{&quot;id&quot;:&quot;448&quot;,&quot;createdAt&quot;:&quot;2022-02-08T05:09:31.491Z&quot;}
</pre><hr/>]]></failure></testcase></testsuite>